c:\users\risfa\source\repos\graphics_lab\x64\debug\vc143.pdb
c:\users\risfa\source\repos\graphics_lab\x64\debug\vc143.idb
c:\users\risfa\source\repos\graphics_lab\x64\debug\source.obj
c:\users\risfa\source\repos\graphics_lab\x64\debug\rook.obj
c:\users\risfa\source\repos\graphics_lab\x64\debug\putin.obj
c:\users\risfa\source\repos\graphics_lab\x64\debug\source1.obj
c:\users\risfa\source\repos\graphics_lab\x64\debug\graphics_lab.pdb
c:\users\risfa\source\repos\graphics_lab\x64\debug\graphics_lab.tlog\cl.command.1.tlog
c:\users\risfa\source\repos\graphics_lab\x64\debug\graphics_lab.tlog\cl.read.1.tlog
c:\users\risfa\source\repos\graphics_lab\x64\debug\graphics_lab.tlog\cl.write.1.tlog
c:\users\risfa\source\repos\graphics_lab\x64\debug\graphics_lab.tlog\link-cvtres.read.1.tlog
c:\users\risfa\source\repos\graphics_lab\x64\debug\graphics_lab.tlog\link-cvtres.write.1.tlog
c:\users\risfa\source\repos\graphics_lab\x64\debug\graphics_lab.tlog\link-rc.read.1.tlog
c:\users\risfa\source\repos\graphics_lab\x64\debug\graphics_lab.tlog\link-rc.write.1.tlog
c:\users\risfa\source\repos\graphics_lab\x64\debug\graphics_lab.tlog\link.15144-cvtres.read.1.tlog
c:\users\risfa\source\repos\graphics_lab\x64\debug\graphics_lab.tlog\link.15144-cvtres.write.1.tlog
c:\users\risfa\source\repos\graphics_lab\x64\debug\graphics_lab.tlog\link.15144-rc.read.1.tlog
c:\users\risfa\source\repos\graphics_lab\x64\debug\graphics_lab.tlog\link.15144-rc.write.1.tlog
c:\users\risfa\source\repos\graphics_lab\x64\debug\graphics_lab.tlog\link.15144.read.1.tlog
c:\users\risfa\source\repos\graphics_lab\x64\debug\graphics_lab.tlog\link.15144.read.2.tlog
c:\users\risfa\source\repos\graphics_lab\x64\debug\graphics_lab.tlog\link.15144.write.1.tlog
c:\users\risfa\source\repos\graphics_lab\x64\debug\graphics_lab.tlog\link.command.1.tlog
c:\users\risfa\source\repos\graphics_lab\x64\debug\graphics_lab.tlog\link.read.1.tlog
c:\users\risfa\source\repos\graphics_lab\x64\debug\graphics_lab.tlog\link.read.2.tlog
c:\users\risfa\source\repos\graphics_lab\x64\debug\graphics_lab.tlog\link.write.1.tlog
